<?xml version="1.0" encoding="UTF-8"?>
<testng-results ignored="1" total="2" passed="1" failed="0" skipped="0">
  <reporter-output>
  </reporter-output>
  <suite started-at="2021-07-28T11:21:53 IST" name="Default suite" finished-at="2021-07-28T11:22:03 IST" duration-ms="9478">
    <groups>
    </groups>
    <test started-at="2021-07-28T11:21:53 IST" name="Default test" finished-at="2021-07-28T11:22:03 IST" duration-ms="9478">
      <class name="com.webdrivers.cookies">
        <test-method signature="getCookies()[pri:0, instance:com.webdrivers.cookies@120f102b]" started-at="2021-07-28T11:21:53 IST" name="getCookies" finished-at="2021-07-28T11:22:03 IST" duration-ms="9396" status="PASS">
          <reporter-output>
          </reporter-output>
        </test-method> <!-- getCookies -->
      </class> <!-- com.webdrivers.cookies -->
    </test> <!-- Default test -->
  </suite> <!-- Default suite -->
</testng-results>
